Name               Stmts   Miss  Cover   Missing
------------------------------------------------
marvel/__init__        0      0   100%   
marvel/character      68     25    63%   28-29, 56, 60, 64, 68, 72, 76-79, 83-86, 90, 95-99, 103-107, 111-115, 119-123, 167
marvel/comic          99     30    70%   34, 42, 46, 53, 57, 61, 65, 69, 73, 77, 81, 85, 89, 96, 100, 104, 108, 115, 129, 164-165, 176-177, 187-188, 212, 225, 229, 237, 241
marvel/config          2      0   100%   
marvel/core           75     15    80%   24, 27, 84, 130, 140, 144, 148, 157, 161, 174, 178, 182, 192, 196, 199
marvel/creator        59     17    71%   57, 65, 69, 74, 78, 82, 86, 106, 113-114, 121-122, 126-130, 137-138, 181
marvel/event          70     30    57%   43, 47, 51, 55, 59, 63, 67, 71, 75, 79-80, 84-85, 92-93, 97-98, 102-103, 107-108, 112, 116, 127-128, 138-139, 149-150, 186
marvel/marvel         66      2    97%   179-180
marvel/series         70     32    54%   27, 38, 42, 46, 50, 54, 58, 62, 66, 70, 75-76, 80-81, 85-86, 90-91, 95-96, 100, 104, 114-115, 125-126, 136-137, 147-148, 160, 169
marvel/story           9      1    89%   28
marvel/tests         188      1    99%   306
------------------------------------------------
TOTAL                706    153    78%   
